[odia.ig.com.br/mage/2021/06/6174208-policia-militar-prende-traficante-conhecido-como-urso-em-mage.html]
[backblue.gif]
[fade.gif]
[index.html]
[odia.ig.com.br/mage/2021/06/amp/6174208-policia-militar-prende-traficante-conhecido-como-urso-em-mage.html]
[odia.ig.com.br/_midias/jpg/2021/06/23/398x470/1_whatsapp_image_2021_06_23_at_14_58_33__1_-22237274.jpg]
[odia.ig.com.br/_midias/jpg/2021/06/23/1200x750/1_whatsapp_image_2021_06_23_at_14_58_33__1_-22237274.jpg]
[odia.ig.com.br/service-worker.js]
[odia.ig.com.br/2020/common/cdn/prebid/prebid4.28.0.rc2.js]
[odia.ig.com.br/2020/common/cdn/jquery/jquery-3.5.1.min.js]
[odia.ig.com.br/2020/common/cdn/dayjs/dayjs.min.js]
[odia.ig.com.br/2020/common/cdn/user.min.js]
[odia.ig.com.br/2020/common/cdn/swiper/swiper.min.js]
[odia.ig.com.br/2020/common/cdn/login.min.js]
[cdn.ampproject.org/v0.js]
[cdn.ampproject.org/v0/amp-lightbox-gallery-0.1.js]
[securepubads.g.doubleclick.net/tag/js/f.txt]
[pagead2.googlesyndication.com/pagead/f.txt]
[sb.scorecardresearch.com/beacon.js]
[odia.ig.com.br/2020/desktop/static/CACHE/css/artigo.min7b9c.css]
[c2.taboola.com/nr/odia/newsroom.js]
[odia.ig.com.br/cdn-cgi/scripts/7d0fa10a/cloudflare-static/rocket-loader.min.js]
[odia.ig.com.br/2020/common/static/CACHE/css/teams.min.css]
[odia.ig.com.br/2020/common/static/CACHE/css/signos.min.css]
[odia.ig.com.br/2020/common/static/CACHE/css/cidades.min.css]
[odia.ig.com.br/2020/common/static/CACHE/css/login.min.css]
[odia.ig.com.br/2020/common/static/CACHE/img/icon-touch.png]
[odia.ig.com.br/2020/common/static/CACHE/img/apple-icon-120x120.png]
[odia.ig.com.br/2020/common/static/CACHE/img/apple-icon-152x152.png]
[odia.ig.com.br/2020/common/static/CACHE/img/apple-icon-167x167.png]
[odia.ig.com.br/2020/common/static/CACHE/img/apple-icon-180x180.png]
[odia.ig.com.br/2020/common/static/CACHE/img/placehold-100.jpg]
[odia.ig.com.br/_midias/jpg/2021/09/14/80x80/1_diniz-23022637.jpg]
[odia.ig.com.br/_midias/jpg/2021/07/18/80x80/1_219359868_317260723461620_4572420012556639825_n-22459420.jpg]
[odia.ig.com.br/_midias/jpg/2021/09/20/80x80/1_euxama_219129594_539560190817389_232246636476965584_n-23082788.jpg]
[odia.ig.com.br/_midias/jpg/2021/09/20/80x80/1_incendio3-23082902.jpg]
[odia.ig.com.br/_midias/jpg/2021/05/11/80x80/1_x82643385_new_york_nymay_13_mayor_bill_de_blasio_holds_a_green_new_deal_rally_at_trump_tower_in_ne_jpg_pagespeed_ic_pyyeywanbo-21878776.jpg]
[odia.ig.com.br/_midias/jpg/2019/08/21/80x80/1_xuso_de_helicopteros_em_acoes_policiais_jpg_pagespeed_ic_qzoyyheeui-12735227.jpg]
[odia.ig.com.br/_midias/jpg/2021/07/06/80x80/1_1_carteira_de_trabalho_e_dinheiro_1200x900_20692747-22342279.jpg]
[odia.ig.com.br/_midias/jpg/2021/09/20/80x80/1_irisstefanelli_197006428_3039862569580250_8693964874038864396_n-23082557.jpg]
[odia.ig.com.br/_midias/jpg/2021/09/20/80x80/1_unnamed__2_-23082583.jpg]
[odia.ig.com.br/mage/2021/06/6174293-prefeitura-de-mage-solicita-linha-de-onibus-ligando-piabeta-a-guapimirim.html]
[odia.ig.com.br/mage/2021/06/6174256-unidades-de-saude-de-mage-ganham-ouvidoria-nos-proximas-dias.html]
[odia.ig.com.br/2020/common/static/CACHE/img/placehold.jpg]
[odia.ig.com.br/_midias/jpg/2021/06/23/398x267/1_whatsapp_image_2021_06_23_at_09_33_41_1068x718-22237926.jpg]
[odia.ig.com.br/_midias/jpg/2021/06/23/398x267/1_whatsapp_image_2021_06_23_at_14_58_33__1_-22237274.jpg]
[odia.ig.com.br/mage/2021/06/6174173-foragido-da-justica-do-espirito-santo-acusado-de-furto-e-preso-em-mage.html]
[odia.ig.com.br/mage/2021/06/6174138-mutirao-do-detran-oferece-vagas-em-mage-no-proximo-sabado-26.html]
[odia.ig.com.br/_midias/jpg/2021/06/23/398x267/1_imagem_noticia-22236549.jpg]
[odia.ig.com.br/mage/2021/06/6174107-mage-adquire-40-mil-novos-testes-rapidos-para-covid-19.html]
[odia.ig.com.br/_midias/jpg/2021/06/23/398x267/1_img_20210623_wa0012_1068x707-22236323.jpg]
[odia.ig.com.br/mage/2021/06/6174087-policia-militar-prende-traficante-de-faccao-criminosa-em-mage.html]
[odia.ig.com.br/_midias/jpg/2021/06/23/398x267/1_whatsapp_image_2021_06_22_at_22_59_31-22236130.jpg]
[odia.ig.com.br/2020/common/static/CACHE/img/placehold-cover.jpg]
[odia.ig.com.br/_midias/thumb/cover.jpg]
[odia.ig.com.br/2020/common/static/CACHE/img/golive-assine.png]
[odia.ig.com.br/mage/2021/06/6174208-policia-militar-prende-traficante-conhecido-como-urso-em-mage.html]
[odia.ig.com.br/2020/common/cdn/init.min.js]
[cdn.ampproject.org/v0/amp-install-serviceworker-0.1.js]
[cdn.ampproject.org/v0/amp-consent-0.1.js]
[cdn.ampproject.org/v0/amp-sticky-ad-1.0.js]
[cdn.ampproject.org/v0/amp-mustache-0.2.js]
[cdn.ampproject.org/v0/amp-list-0.1.js]
[cdn.ampproject.org/v0/amp-facebook-comments-0.1.js]
[cdn.ampproject.org/v0/amp-bind-0.1.js]
[cdn.ampproject.org/v0/amp-ad-0.1.js]
[cdn.ampproject.org/v0/amp-form-0.1.js]
[cdn.ampproject.org/v0/amp-analytics-0.1.js]
[odia.ig.com.br/mage/2021/06/amp/{{url}}]
[odia.ig.com.br/mage/2021/06/amp/{{images.120x80}}]
[odia.ig.com.br/mage/2021/06/amp/6174208-policia-militar-prende-traficante-conhecido-como-urso-em-mage.html]
[odia.ig.com.br/2020/common/static/CACHE/img/icon-ad.png]
[odia.ig.com.br/2020/desktop/static/CACHE/css/artigo.min7b9c.css]
[tamborimdeouro.odianafolia.com.br/public/css/core.min.css]
[odia.ig.com.br/2020/common/static/CACHE/css/teams.min.css]
[odia.ig.com.br/2020/common/static/CACHE/css/signos.min.css]
[odia.ig.com.br/2020/common/static/CACHE/css/cidades.min.css]
[odia.ig.com.br/2020/common/static/CACHE/css/login.min.css]
[www.googletagmanager.com/gtm5445.html]
[odia.ig.com.br/mage/2021/06/amp/6174293-prefeitura-de-mage-solicita-linha-de-onibus-ligando-piabeta-a-guapimirim.html]
[odia.ig.com.br/2020/common/static/CACHE/img/share-odia.png]
[odia.ig.com.br/mage/2021/06/6174293-prefeitura-de-mage-solicita-linha-de-onibus-ligando-piabeta-a-guapimirim.html]
[odia.ig.com.br/mage/2021/06/amp/6174256-unidades-de-saude-de-mage-ganham-ouvidoria-nos-proximas-dias.html]
[odia.ig.com.br/_midias/jpg/2021/06/23/398x470/1_whatsapp_image_2021_06_23_at_09_33_41_1068x718-22237926.jpg]
[odia.ig.com.br/_midias/jpg/2021/06/23/1200x750/1_whatsapp_image_2021_06_23_at_09_33_41_1068x718-22237926.jpg]
[odia.ig.com.br/mage/2021/06/6174256-unidades-de-saude-de-mage-ganham-ouvidoria-nos-proximas-dias.html]
[odia.ig.com.br/mage/2021/06/6174173-foragido-da-justica-do-espirito-santo-acusado-de-furto-e-preso-em-mage.html]
[odia.ig.com.br/mage/2021/06/amp/6174173-foragido-da-justica-do-espirito-santo-acusado-de-furto-e-preso-em-mage.html]
[odia.ig.com.br/mage/2021/06/amp/6174138-mutirao-do-detran-oferece-vagas-em-mage-no-proximo-sabado-26.html]
[odia.ig.com.br/_midias/jpg/2021/06/23/398x470/1_imagem_noticia-22236549.jpg]
[odia.ig.com.br/_midias/jpg/2021/06/23/1200x750/1_imagem_noticia-22236549.jpg]
[odia.ig.com.br/mage/2021/06/6174138-mutirao-do-detran-oferece-vagas-em-mage-no-proximo-sabado-26.html]
[odia.ig.com.br/mage/2021/06/amp/6174107-mage-adquire-40-mil-novos-testes-rapidos-para-covid-19.html]
[odia.ig.com.br/_midias/jpg/2021/06/23/398x470/1_img_20210623_wa0012_1068x707-22236323.jpg]
[odia.ig.com.br/_midias/jpg/2021/06/23/1200x750/1_img_20210623_wa0012_1068x707-22236323.jpg]
[odia.ig.com.br/mage/2021/06/6174107-mage-adquire-40-mil-novos-testes-rapidos-para-covid-19.html]
[odia.ig.com.br/mage/2021/06/amp/6174087-policia-militar-prende-traficante-de-faccao-criminosa-em-mage.html]
[odia.ig.com.br/_midias/jpg/2021/06/23/1200x750/1_whatsapp_image_2021_06_22_at_22_59_31-22236130.jpg]
[odia.ig.com.br/mage/2021/06/6174087-policia-militar-prende-traficante-de-faccao-criminosa-em-mage.html]
[odia.ig.com.br/_midias/jpg/2021/06/23/1200x1920/1_whatsapp_image_2021_06_22_at_22_59_31-22236130.jpg]
[odia.ig.com.br/mage/2021/06/amp/{{url}}.html]
[odia.ig.com.br/mage/2021/06/amp/{{images.html]
[odia.ig.com.br/_midias/jpg/2020/10/28/metrorio-20359469.jpg]
[odia.ig.com.br/_midias/jpg/2021/05/13/whatsapp_image_2021_05_13_at_12_58_31-21896123.jpg]
[odia.ig.com.br/_midias/jpg/2021/06/20/juninho_do_pneu___transportes__1_-22212846.jpg]
[odia.ig.com.br/mage/2021/06/amp/6174293-prefeitura-de-mage-solicita-linha-de-onibus-ligando-piabeta-a-guapimirim.html]
[odia.ig.com.br/mage/2021/06/amp/6174256-unidades-de-saude-de-mage-ganham-ouvidoria-nos-proximas-dias.html]
[odia.ig.com.br/mage/2021/06/amp/6174173-foragido-da-justica-do-espirito-santo-acusado-de-furto-e-preso-em-mage.html]
[odia.ig.com.br/mage/2021/06/amp/6174138-mutirao-do-detran-oferece-vagas-em-mage-no-proximo-sabado-26.html]
[odia.ig.com.br/mage/2021/06/amp/6174107-mage-adquire-40-mil-novos-testes-rapidos-para-covid-19.html]
[odia.ig.com.br/mage/2021/06/amp/6174087-policia-militar-prende-traficante-de-faccao-criminosa-em-mage.html]
